Analysis & Synthesis report for RAM
Sat Dec 08 23:38:40 2018
Quartus II Version 9.0 Build 184 04/29/2009 Service Pack 1 SJ Web Edition


---------------------
; Table of Contents ;
---------------------
  1. Legal Notice
  2. Analysis & Synthesis Summary
  3. Analysis & Synthesis Settings
  4. Analysis & Synthesis Source Files Read
  5. Analysis & Synthesis Resource Usage Summary
  6. Analysis & Synthesis Resource Utilization by Entity
  7. Analysis & Synthesis RAM Summary
  8. General Register Statistics
  9. Source assignments for LPM_RAM_IO:inst|altram:sram|altsyncram:ram_block|altsyncram_sm91:auto_generated
 10. Parameter Settings for User Entity Instance: LPM_RAM_IO:inst
 11. Analysis & Synthesis Messages



----------------
; Legal Notice ;
----------------
Copyright (C) 1991-2009 Altera Corporation
Your use of Altera Corporation's design tools, logic functions 
and other software and tools, and its AMPP partner logic 
functions, and any output files from any of the foregoing 
(including device programming or simulation files), and any 
associated documentation or information are expressly subject 
to the terms and conditions of the Altera Program License 
Subscription Agreement, Altera MegaCore Function License 
Agreement, or other applicable license agreement, including, 
without limitation, that your use is for the sole purpose of 
programming logic devices manufactured by Altera and sold by 
Altera or its authorized distributors.  Please refer to the 
applicable agreement for further details.



+-----------------------------------------------------------------------------------+
; Analysis & Synthesis Summary                                                      ;
+------------------------------------+----------------------------------------------+
; Analysis & Synthesis Status        ; Successful - Sat Dec 08 23:38:40 2018        ;
; Quartus II Version                 ; 9.0 Build 184 04/29/2009 SP 1 SJ Web Edition ;
; Revision Name                      ; RAM                                          ;
; Top-level Entity Name              ; RAM                                          ;
; Family                             ; Cyclone III                                  ;
; Total logic elements               ; 9                                            ;
;     Total combinational functions  ; 9                                            ;
;     Dedicated logic registers      ; 8                                            ;
; Total registers                    ; 8                                            ;
; Total pins                         ; 28                                           ;
; Total virtual pins                 ; 0                                            ;
; Total memory bits                  ; 2,048                                        ;
; Embedded Multiplier 9-bit elements ; 0                                            ;
; Total PLLs                         ; 0                                            ;
+------------------------------------+----------------------------------------------+


+--------------------------------------------------------------------------------------------------------+
; Analysis & Synthesis Settings                                                                          ;
+--------------------------------------------------------------+--------------------+--------------------+
; Option                                                       ; Setting            ; Default Value      ;
+--------------------------------------------------------------+--------------------+--------------------+
; Device                                                       ; EP3C16E144C8       ;                    ;
; Top-level entity name                                        ; RAM                ; RAM                ;
; Family name                                                  ; Cyclone III        ; Stratix II         ;
; Use Generated Physical Constraints File                      ; Off                ;                    ;
; Use smart compilation                                        ; Off                ; Off                ;
; Restructure Multiplexers                                     ; Auto               ; Auto               ;
; Create Debugging Nodes for IP Cores                          ; Off                ; Off                ;
; Preserve fewer node names                                    ; On                 ; On                 ;
; Disable OpenCore Plus hardware evaluation                    ; Off                ; Off                ;
; Verilog Version                                              ; Verilog_2001       ; Verilog_2001       ;
; VHDL Version                                                 ; VHDL93             ; VHDL93             ;
; State Machine Processing                                     ; Auto               ; Auto               ;
; Safe State Machine                                           ; Off                ; Off                ;
; Extract Verilog State Machines                               ; On                 ; On                 ;
; Extract VHDL State Machines                                  ; On                 ; On                 ;
; Ignore Verilog initial constructs                            ; Off                ; Off                ;
; Iteration limit for constant Verilog loops                   ; 5000               ; 5000               ;
; Iteration limit for non-constant Verilog loops               ; 250                ; 250                ;
; Add Pass-Through Logic to Inferred RAMs                      ; On                 ; On                 ;
; Parallel Synthesis                                           ; Off                ; Off                ;
; DSP Block Balancing                                          ; Auto               ; Auto               ;
; NOT Gate Push-Back                                           ; On                 ; On                 ;
; Power-Up Don't Care                                          ; On                 ; On                 ;
; Remove Redundant Logic Cells                                 ; Off                ; Off                ;
; Remove Duplicate Registers                                   ; On                 ; On                 ;
; Ignore CARRY Buffers                                         ; Off                ; Off                ;
; Ignore CASCADE Buffers                                       ; Off                ; Off                ;
; Ignore GLOBAL Buffers                                        ; Off                ; Off                ;
; Ignore ROW GLOBAL Buffers                                    ; Off                ; Off                ;
; Ignore LCELL Buffers                                         ; Off                ; Off                ;
; Ignore SOFT Buffers                                          ; On                 ; On                 ;
; Limit AHDL Integers to 32 Bits                               ; Off                ; Off                ;
; Optimization Technique                                       ; Balanced           ; Balanced           ;
; Carry Chain Length                                           ; 70                 ; 70                 ;
; Auto Carry Chains                                            ; On                 ; On                 ;
; Auto Open-Drain Pins                                         ; On                 ; On                 ;
; Perform WYSIWYG Primitive Resynthesis                        ; Off                ; Off                ;
; Auto ROM Replacement                                         ; On                 ; On                 ;
; Auto RAM Replacement                                         ; On                 ; On                 ;
; Auto DSP Block Replacement                                   ; On                 ; On                 ;
; Auto Shift Register Replacement                              ; Auto               ; Auto               ;
; Auto Clock Enable Replacement                                ; On                 ; On                 ;
; Strict RAM Replacement                                       ; Off                ; Off                ;
; Allow Synchronous Control Signals                            ; On                 ; On                 ;
; Force Use of Synchronous Clear Signals                       ; Off                ; Off                ;
; Auto RAM Block Balancing                                     ; On                 ; On                 ;
; Auto RAM to Logic Cell Conversion                            ; Off                ; Off                ;
; Auto Resource Sharing                                        ; Off                ; Off                ;
; Allow Any RAM Size For Recognition                           ; Off                ; Off                ;
; Allow Any ROM Size For Recognition                           ; Off                ; Off                ;
; Allow Any Shift Register Size For Recognition                ; Off                ; Off                ;
; Use LogicLock Constraints during Resource Balancing          ; On                 ; On                 ;
; Ignore translate_off and synthesis_off directives            ; Off                ; Off                ;
; Timing-Driven Synthesis                                      ; Off                ; Off                ;
; Show Parameter Settings Tables in Synthesis Report           ; On                 ; On                 ;
; Ignore Maximum Fan-Out Assignments                           ; Off                ; Off                ;
; Synchronization Register Chain Length                        ; 2                  ; 2                  ;
; PowerPlay Power Optimization                                 ; Normal compilation ; Normal compilation ;
; HDL message level                                            ; Level2             ; Level2             ;
; Suppress Register Optimization Related Messages              ; Off                ; Off                ;
; Number of Removed Registers Reported in Synthesis Report     ; 100                ; 100                ;
; Number of Inverted Registers Reported in Synthesis Report    ; 100                ; 100                ;
; Clock MUX Protection                                         ; On                 ; On                 ;
; Auto Gated Clock Conversion                                  ; Off                ; Off                ;
; Block Design Naming                                          ; Auto               ; Auto               ;
; SDC constraint protection                                    ; Off                ; Off                ;
; Synthesis Effort                                             ; Auto               ; Auto               ;
; Shift Register Replacement - Allow Asynchronous Clear Signal ; On                 ; On                 ;
; Analysis & Synthesis Message Level                           ; Medium             ; Medium             ;
+--------------------------------------------------------------+--------------------+--------------------+


+---------------------------------------------------------------------------------------------------------------------------------------------------------------------+
; Analysis & Synthesis Source Files Read                                                                                                                              ;
+----------------------------------+-----------------+----------------------------------------+-----------------------------------------------------------------------+
; File Name with User-Entered Path ; Used in Netlist ; File Type                              ; File Name with Absolute Path                                          ;
+----------------------------------+-----------------+----------------------------------------+-----------------------------------------------------------------------+
; RAM.bdf                          ; yes             ; User Block Diagram/Schematic File      ; C:/Users/LENOVO/Desktop/实验四/RAM/RAM.bdf                            ;
; Register_Data_8bits.vhd          ; yes             ; User VHDL File                         ; C:/Users/LENOVO/Desktop/实验四/RAM/Register_Data_8bits.vhd            ;
; LPM_RAM_IO.tdf                   ; yes             ; Megafunction                           ; c:/altera/90sp1/quartus/libraries/megafunctions/LPM_RAM_IO.tdf        ;
; altram.inc                       ; yes             ; Megafunction                           ; c:/altera/90sp1/quartus/libraries/megafunctions/altram.inc            ;
; lpm_mux.inc                      ; yes             ; Megafunction                           ; c:/altera/90sp1/quartus/libraries/megafunctions/lpm_mux.inc           ;
; lpm_decode.inc                   ; yes             ; Megafunction                           ; c:/altera/90sp1/quartus/libraries/megafunctions/lpm_decode.inc        ;
; aglobal90.inc                    ; yes             ; Megafunction                           ; c:/altera/90sp1/quartus/libraries/megafunctions/aglobal90.inc         ;
; altram.tdf                       ; yes             ; Megafunction                           ; c:/altera/90sp1/quartus/libraries/megafunctions/altram.tdf            ;
; memmodes.inc                     ; yes             ; Megafunction                           ; c:/altera/90sp1/quartus/libraries/others/maxplus2/memmodes.inc        ;
; altsyncram.inc                   ; yes             ; Megafunction                           ; c:/altera/90sp1/quartus/libraries/megafunctions/altsyncram.inc        ;
; altqpram.inc                     ; yes             ; Megafunction                           ; c:/altera/90sp1/quartus/libraries/megafunctions/altqpram.inc          ;
; altsyncram.tdf                   ; yes             ; Megafunction                           ; c:/altera/90sp1/quartus/libraries/megafunctions/altsyncram.tdf        ;
; stratix_ram_block.inc            ; yes             ; Megafunction                           ; c:/altera/90sp1/quartus/libraries/megafunctions/stratix_ram_block.inc ;
; a_rdenreg.inc                    ; yes             ; Megafunction                           ; c:/altera/90sp1/quartus/libraries/megafunctions/a_rdenreg.inc         ;
; altrom.inc                       ; yes             ; Megafunction                           ; c:/altera/90sp1/quartus/libraries/megafunctions/altrom.inc            ;
; altdpram.inc                     ; yes             ; Megafunction                           ; c:/altera/90sp1/quartus/libraries/megafunctions/altdpram.inc          ;
; db/altsyncram_sm91.tdf           ; yes             ; Auto-Generated Megafunction            ; C:/Users/LENOVO/Desktop/实验四/RAM/db/altsyncram_sm91.tdf             ;
; ./test.mif                       ; yes             ; Auto-Found Memory Initialization File  ; C:/Users/LENOVO/Desktop/实验四/RAM/test.mif                           ;
+----------------------------------+-----------------+----------------------------------------+-----------------------------------------------------------------------+


+---------------------------------------------------------+
; Analysis & Synthesis Resource Usage Summary             ;
+---------------------------------------------+-----------+
; Resource                                    ; Usage     ;
+---------------------------------------------+-----------+
; Estimated Total logic elements              ; 9         ;
;                                             ;           ;
; Total combinational functions               ; 9         ;
; Logic element usage by number of LUT inputs ;           ;
;     -- 4 input functions                    ; 0         ;
;     -- 3 input functions                    ; 8         ;
;     -- <=2 input functions                  ; 1         ;
;                                             ;           ;
; Logic elements by mode                      ;           ;
;     -- normal mode                          ; 9         ;
;     -- arithmetic mode                      ; 0         ;
;                                             ;           ;
; Total registers                             ; 8         ;
;     -- Dedicated logic registers            ; 8         ;
;     -- I/O registers                        ; 0         ;
;                                             ;           ;
; I/O pins                                    ; 28        ;
; Total memory bits                           ; 2048      ;
; Maximum fan-out node                        ; CLK~input ;
; Maximum fan-out                             ; 16        ;
; Total fan-out                               ; 174       ;
; Average fan-out                             ; 2.15      ;
+---------------------------------------------+-----------+


+----------------------------------------------------------------------------------------------------------------------------------------------------------------------------------------------------------------------------------------------------------------+
; Analysis & Synthesis Resource Utilization by Entity                                                                                                                                                                                                            ;
+----------------------------------------------+-------------------+--------------+-------------+--------------+---------+-----------+------+--------------+--------------------------------------------------------------------------------------+--------------+
; Compilation Hierarchy Node                   ; LC Combinationals ; LC Registers ; Memory Bits ; DSP Elements ; DSP 9x9 ; DSP 18x18 ; Pins ; Virtual Pins ; Full Hierarchy Name                                                                  ; Library Name ;
+----------------------------------------------+-------------------+--------------+-------------+--------------+---------+-----------+------+--------------+--------------------------------------------------------------------------------------+--------------+
; |RAM                                         ; 9 (8)             ; 8 (0)        ; 2048        ; 0            ; 0       ; 0         ; 28   ; 0            ; |RAM                                                                                 ; work         ;
;    |Register_Data_8bits:inst8|               ; 0 (0)             ; 8 (8)        ; 0           ; 0            ; 0       ; 0         ; 0    ; 0            ; |RAM|Register_Data_8bits:inst8                                                       ; work         ;
;    |lpm_ram_io:inst|                         ; 1 (1)             ; 0 (0)        ; 2048        ; 0            ; 0       ; 0         ; 0    ; 0            ; |RAM|lpm_ram_io:inst                                                                 ; work         ;
;       |altram:sram|                          ; 0 (0)             ; 0 (0)        ; 2048        ; 0            ; 0       ; 0         ; 0    ; 0            ; |RAM|lpm_ram_io:inst|altram:sram                                                     ; work         ;
;          |altsyncram:ram_block|              ; 0 (0)             ; 0 (0)        ; 2048        ; 0            ; 0       ; 0         ; 0    ; 0            ; |RAM|lpm_ram_io:inst|altram:sram|altsyncram:ram_block                                ; work         ;
;             |altsyncram_sm91:auto_generated| ; 0 (0)             ; 0 (0)        ; 2048        ; 0            ; 0       ; 0         ; 0    ; 0            ; |RAM|lpm_ram_io:inst|altram:sram|altsyncram:ram_block|altsyncram_sm91:auto_generated ; work         ;
+----------------------------------------------+-------------------+--------------+-------------+--------------+---------+-----------+------+--------------+--------------------------------------------------------------------------------------+--------------+
Note: For table entries with two numbers listed, the numbers in parentheses indicate the number of resources of the given type used by the specific entity alone. The numbers listed outside of parentheses indicate the total resources of the given type used by the specific entity and all of its sub-entities in the hierarchy.


+-------------------------------------------------------------------------------------------------------------------------------------------------------------------------------------------------+
; Analysis & Synthesis RAM Summary                                                                                                                                                                ;
+--------------------------------------------------------------------------------------------+------+-------------+--------------+--------------+--------------+--------------+------+------------+
; Name                                                                                       ; Type ; Mode        ; Port A Depth ; Port A Width ; Port B Depth ; Port B Width ; Size ; MIF        ;
+--------------------------------------------------------------------------------------------+------+-------------+--------------+--------------+--------------+--------------+------+------------+
; lpm_ram_io:inst|altram:sram|altsyncram:ram_block|altsyncram_sm91:auto_generated|ALTSYNCRAM ; AUTO ; Single Port ; 256          ; 8            ; --           ; --           ; 2048 ; ./test.mif ;
+--------------------------------------------------------------------------------------------+------+-------------+--------------+--------------+--------------+--------------+------+------------+


+------------------------------------------------------+
; General Register Statistics                          ;
+----------------------------------------------+-------+
; Statistic                                    ; Value ;
+----------------------------------------------+-------+
; Total registers                              ; 8     ;
; Number of registers using Synchronous Clear  ; 0     ;
; Number of registers using Synchronous Load   ; 0     ;
; Number of registers using Asynchronous Clear ; 0     ;
; Number of registers using Asynchronous Load  ; 0     ;
; Number of registers using Clock Enable       ; 8     ;
; Number of registers using Preset             ; 0     ;
+----------------------------------------------+-------+


+--------------------------------------------------------------------------------------------------------+
; Source assignments for LPM_RAM_IO:inst|altram:sram|altsyncram:ram_block|altsyncram_sm91:auto_generated ;
+---------------------------------+--------------------+------+------------------------------------------+
; Assignment                      ; Value              ; From ; To                                       ;
+---------------------------------+--------------------+------+------------------------------------------+
; OPTIMIZE_POWER_DURING_SYNTHESIS ; NORMAL_COMPILATION ; -    ; -                                        ;
+---------------------------------+--------------------+------+------------------------------------------+


+--------------------------------------------------------------+
; Parameter Settings for User Entity Instance: LPM_RAM_IO:inst ;
+------------------------+--------------+----------------------+
; Parameter Name         ; Value        ; Type                 ;
+------------------------+--------------+----------------------+
; LPM_WIDTH              ; 8            ; Signed Integer       ;
; LPM_WIDTHAD            ; 8            ; Signed Integer       ;
; LPM_NUMWORDS           ; 256          ; Signed Integer       ;
; LPM_INDATA             ; REGISTERED   ; Untyped              ;
; LPM_ADDRESS_CONTROL    ; REGISTERED   ; Untyped              ;
; LPM_OUTDATA            ; UNREGISTERED ; Untyped              ;
; LPM_FILE               ; ./test.mif   ; Untyped              ;
; USE_EAB                ; ON           ; Untyped              ;
; DEVICE_FAMILY          ; Cyclone III  ; Untyped              ;
; AUTO_CARRY_CHAINS      ; ON           ; AUTO_CARRY           ;
; IGNORE_CARRY_BUFFERS   ; OFF          ; IGNORE_CARRY         ;
; AUTO_CASCADE_CHAINS    ; ON           ; AUTO_CASCADE         ;
; IGNORE_CASCADE_BUFFERS ; OFF          ; IGNORE_CASCADE       ;
+------------------------+--------------+----------------------+
Note: In order to hide this table in the UI and the text report file, please set the "Show Parameter Settings Tables in Synthesis Report" option in "Analysis and Synthesis Settings -> More Settings" to "Off".


+-------------------------------+
; Analysis & Synthesis Messages ;
+-------------------------------+
Info: *******************************************************************
Info: Running Quartus II Analysis & Synthesis
    Info: Version 9.0 Build 184 04/29/2009 Service Pack 1 SJ Web Edition
    Info: Processing started: Sat Dec 08 23:38:34 2018
Info: Command: quartus_map --read_settings_files=on --write_settings_files=off RAM -c RAM
Info: Found 1 design units, including 1 entities, in source file RAM.bdf
    Info: Found entity 1: RAM
Info: Found 2 design units, including 1 entities, in source file Register_Data_8bits.vhd
    Info: Found design unit 1: Register_Data_8bits-behavior
    Info: Found entity 1: Register_Data_8bits
Info: Elaborating entity "RAM" for the top level hierarchy
Info: Elaborating entity "Register_Data_8bits" for hierarchy "Register_Data_8bits:inst8"
Info: Elaborating entity "LPM_RAM_IO" for hierarchy "LPM_RAM_IO:inst"
Info: Elaborated megafunction instantiation "LPM_RAM_IO:inst"
Info: Instantiated megafunction "LPM_RAM_IO:inst" with the following parameter:
    Info: Parameter "LPM_ADDRESS_CONTROL" = "REGISTERED"
    Info: Parameter "LPM_FILE" = "./test.mif"
    Info: Parameter "LPM_INDATA" = "REGISTERED"
    Info: Parameter "LPM_NUMWORDS" = "256"
    Info: Parameter "LPM_OUTDATA" = "UNREGISTERED"
    Info: Parameter "LPM_WIDTH" = "8"
    Info: Parameter "LPM_WIDTHAD" = "8"
Info: Elaborating entity "altram" for hierarchy "LPM_RAM_IO:inst|altram:sram"
Warning: Assertion warning: altram does not support Cyclone III device family -- attempting best-case memory conversions, but power-up states and read during write behavior will be different for Cyclone III devices
Info: Elaborated megafunction instantiation "LPM_RAM_IO:inst|altram:sram", which is child of megafunction instantiation "LPM_RAM_IO:inst"
Info: Elaborating entity "altsyncram" for hierarchy "LPM_RAM_IO:inst|altram:sram|altsyncram:ram_block"
Info: Elaborated megafunction instantiation "LPM_RAM_IO:inst|altram:sram|altsyncram:ram_block", which is child of megafunction instantiation "LPM_RAM_IO:inst"
Info: Found 1 design units, including 1 entities, in source file db/altsyncram_sm91.tdf
    Info: Found entity 1: altsyncram_sm91
Info: Elaborating entity "altsyncram_sm91" for hierarchy "LPM_RAM_IO:inst|altram:sram|altsyncram:ram_block|altsyncram_sm91:auto_generated"
Warning: Tri-state node(s) do not directly drive top-level pin(s)
    Warning: Converted tri-state node "gdfx_temp0[7]" into a selector
    Warning: Converted tri-state node "gdfx_temp0[6]" into a selector
    Warning: Converted tri-state node "gdfx_temp0[5]" into a selector
    Warning: Converted tri-state node "gdfx_temp0[4]" into a selector
    Warning: Converted tri-state node "gdfx_temp0[3]" into a selector
    Warning: Converted tri-state node "gdfx_temp0[2]" into a selector
    Warning: Converted tri-state node "gdfx_temp0[1]" into a selector
    Warning: Converted tri-state node "gdfx_temp0[0]" into a selector
Info: Implemented 53 device resources after synthesis - the final resource count might be different
    Info: Implemented 20 input pins
    Info: Implemented 8 output pins
    Info: Implemented 17 logic cells
    Info: Implemented 8 RAM segments
Info: Quartus II Analysis & Synthesis was successful. 0 errors, 10 warnings
    Info: Peak virtual memory: 278 megabytes
    Info: Processing ended: Sat Dec 08 23:38:40 2018
    Info: Elapsed time: 00:00:06
    Info: Total CPU time (on all processors): 00:00:04


